<?xml version="1.0" encoding="UTF-8"?>
<!-- Generated by org.testng.reporters.JUnitReportReporter -->
<testsuite hostname="5CG1377PDZ" failures="0" tests="2" name="AutomationTestingCertfication.TestScenario" time="63.681" errors="0" timestamp="2025-01-29T15:43:42 IST" skipped="0">
  <testcase classname="AutomationTestingCertfication.TestScenario" name="automationTestScenario" time="20.728"/>
  <system-out/>
  <testcase classname="AutomationTestingCertfication.TestScenario" name="automationTestScenario" time="42.953"/>
  <system-out/>
</testsuite> <!-- AutomationTestingCertfication.TestScenario -->
