<?xml version="1.0" encoding="UTF-8"?>
<!-- Generated by org.testng.reporters.JUnitReportReporter -->
<testsuite hostname="5CG1377PDZ" failures="0" tests="4" name="com.TC02_DragAndDropSliders" time="100.599" errors="4" timestamp="2025-01-15T15:17:41 IST" skipped="0">
  <testcase classname="com.TC02_DragAndDropSliders" name="dragDropTest" time="49.244">
    <error message="Method com.TC02_DragAndDropSliders.dragDropTest() didn&#039;t finish within the time-out 20" type="org.testng.internal.thread.ThreadTimeoutException">
      <![CDATA[org.testng.internal.thread.ThreadTimeoutException: Method com.TC02_DragAndDropSliders.dragDropTest() didn't finish within the time-out 20
at org.testng.internal.invokers.MethodInvocationHelper.invokeWithTimeoutWithNoExecutor(MethodInvocationHelper.java:350)
at org.testng.internal.invokers.MethodInvocationHelper.invokeWithTimeout(MethodInvocationHelper.java:301)
at org.testng.internal.invokers.TestInvoker.invokeMethod(TestInvoker.java:686)
at org.testng.internal.invokers.TestInvoker.invokeTestMethod(TestInvoker.java:221)
at org.testng.internal.invokers.MethodRunner.runInSequence(MethodRunner.java:50)
at org.testng.internal.invokers.TestInvoker$MethodInvocationAgent.invoke(TestInvoker.java:969)
at org.testng.internal.invokers.TestInvoker.invokeTestMethods(TestInvoker.java:194)
at org.testng.internal.invokers.TestMethodWorker.invokeTestMethods(TestMethodWorker.java:148)
at org.testng.internal.invokers.TestMethodWorker.run(TestMethodWorker.java:128)
at java.base/java.util.concurrent.ThreadPoolExecutor.runWorker(ThreadPoolExecutor.java:1144)
at java.base/java.util.concurrent.ThreadPoolExecutor$Worker.run(ThreadPoolExecutor.java:642)
at java.base/java.lang.Thread.run(Thread.java:1583)
]]>
    </error>
  </testcase> <!-- dragDropTest -->
  <system-out/>
  <testcase classname="com.TC02_DragAndDropSliders" name="dragDropTest" time="13.108">
    <error message="Method com.TC02_DragAndDropSliders.dragDropTest() didn&#039;t finish within the time-out 20" type="org.testng.internal.thread.ThreadTimeoutException">
      <![CDATA[org.testng.internal.thread.ThreadTimeoutException: Method com.TC02_DragAndDropSliders.dragDropTest() didn't finish within the time-out 20
at org.testng.internal.invokers.MethodInvocationHelper.invokeWithTimeoutWithNoExecutor(MethodInvocationHelper.java:350)
at org.testng.internal.invokers.MethodInvocationHelper.invokeWithTimeout(MethodInvocationHelper.java:301)
at org.testng.internal.invokers.TestInvoker.invokeMethod(TestInvoker.java:686)
at org.testng.internal.invokers.TestInvoker.invokeTestMethod(TestInvoker.java:221)
at org.testng.internal.invokers.MethodRunner.runInSequence(MethodRunner.java:50)
at org.testng.internal.invokers.TestInvoker$MethodInvocationAgent.invoke(TestInvoker.java:969)
at org.testng.internal.invokers.TestInvoker.invokeTestMethods(TestInvoker.java:194)
at org.testng.internal.invokers.TestMethodWorker.invokeTestMethods(TestMethodWorker.java:148)
at org.testng.internal.invokers.TestMethodWorker.run(TestMethodWorker.java:128)
at java.base/java.util.concurrent.ThreadPoolExecutor.runWorker(ThreadPoolExecutor.java:1144)
at java.base/java.util.concurrent.ThreadPoolExecutor$Worker.run(ThreadPoolExecutor.java:642)
at java.base/java.lang.Thread.run(Thread.java:1583)
]]>
    </error>
  </testcase> <!-- dragDropTest -->
  <system-out/>
  <testcase classname="com.TC02_DragAndDropSliders" name="dragDropTest" time="12.190">
    <error message="Method com.TC02_DragAndDropSliders.dragDropTest() didn&#039;t finish within the time-out 20" type="org.testng.internal.thread.ThreadTimeoutException">
      <![CDATA[org.testng.internal.thread.ThreadTimeoutException: Method com.TC02_DragAndDropSliders.dragDropTest() didn't finish within the time-out 20
at org.testng.internal.invokers.MethodInvocationHelper.invokeWithTimeoutWithNoExecutor(MethodInvocationHelper.java:350)
at org.testng.internal.invokers.MethodInvocationHelper.invokeWithTimeout(MethodInvocationHelper.java:301)
at org.testng.internal.invokers.TestInvoker.invokeMethod(TestInvoker.java:686)
at org.testng.internal.invokers.TestInvoker.invokeTestMethod(TestInvoker.java:221)
at org.testng.internal.invokers.MethodRunner.runInSequence(MethodRunner.java:50)
at org.testng.internal.invokers.TestInvoker$MethodInvocationAgent.invoke(TestInvoker.java:969)
at org.testng.internal.invokers.TestInvoker.invokeTestMethods(TestInvoker.java:194)
at org.testng.internal.invokers.TestMethodWorker.invokeTestMethods(TestMethodWorker.java:148)
at org.testng.internal.invokers.TestMethodWorker.run(TestMethodWorker.java:128)
at java.base/java.util.concurrent.ThreadPoolExecutor.runWorker(ThreadPoolExecutor.java:1144)
at java.base/java.util.concurrent.ThreadPoolExecutor$Worker.run(ThreadPoolExecutor.java:642)
at java.base/java.lang.Thread.run(Thread.java:1583)
]]>
    </error>
  </testcase> <!-- dragDropTest -->
  <system-out/>
  <testcase classname="com.TC02_DragAndDropSliders" name="dragDropTest" time="26.057">
    <error message="Method com.TC02_DragAndDropSliders.dragDropTest() didn&#039;t finish within the time-out 20" type="org.testng.internal.thread.ThreadTimeoutException">
      <![CDATA[org.testng.internal.thread.ThreadTimeoutException: Method com.TC02_DragAndDropSliders.dragDropTest() didn't finish within the time-out 20
at org.testng.internal.invokers.MethodInvocationHelper.invokeWithTimeoutWithNoExecutor(MethodInvocationHelper.java:350)
at org.testng.internal.invokers.MethodInvocationHelper.invokeWithTimeout(MethodInvocationHelper.java:301)
at org.testng.internal.invokers.TestInvoker.invokeMethod(TestInvoker.java:686)
at org.testng.internal.invokers.TestInvoker.invokeTestMethod(TestInvoker.java:221)
at org.testng.internal.invokers.MethodRunner.runInSequence(MethodRunner.java:50)
at org.testng.internal.invokers.TestInvoker$MethodInvocationAgent.invoke(TestInvoker.java:969)
at org.testng.internal.invokers.TestInvoker.invokeTestMethods(TestInvoker.java:194)
at org.testng.internal.invokers.TestMethodWorker.invokeTestMethods(TestMethodWorker.java:148)
at org.testng.internal.invokers.TestMethodWorker.run(TestMethodWorker.java:128)
at java.base/java.util.concurrent.ThreadPoolExecutor.runWorker(ThreadPoolExecutor.java:1144)
at java.base/java.util.concurrent.ThreadPoolExecutor$Worker.run(ThreadPoolExecutor.java:642)
at java.base/java.lang.Thread.run(Thread.java:1583)
]]>
    </error>
  </testcase> <!-- dragDropTest -->
  <system-out/>
</testsuite> <!-- com.TC02_DragAndDropSliders -->
